<?xml version="1.0" encoding="UTF-8"?>
<!-- Generated by org.testng.reporters.JUnitReportReporter -->
<testsuite hostname="DESKTOP-AS5R8J4" failures="0" tests="1" name="restassuredtests.Demo3_Put_" time="2.170" errors="0" timestamp="2021-01-28T10:47:57 AEDT" skipped="0">
  <testcase classname="restassuredtests.Demo3_Put_" name="testPut" time="2.170"/>
  <system-out/>
</testsuite> <!-- restassuredtests.Demo3_Put_ -->
