<?xml version="1.0" encoding="UTF-8"?>
<!-- Generated by org.testng.reporters.JUnitReportReporter -->
<testsuite hostname="DESKTOP-AS5R8J4" failures="0" tests="1" name="restassuredtests.Demo5_BasicValidations_JSON" time="3.995" errors="0" timestamp="2021-01-28T19:16:51 AEDT" skipped="0">
  <testcase classname="restassuredtests.Demo5_BasicValidations_JSON" name="testParamsAndHeaders" time="3.995"/>
  <system-out/>
</testsuite> <!-- restassuredtests.Demo5_BasicValidations_JSON -->
