<?xml version="1.0" encoding="UTF-8"?>
<!-- Generated by org.testng.reporters.JUnitReportReporter -->
<testsuite hostname="DESKTOP-AS5R8J4" failures="0" tests="1" name="serializationDeserialization.VideoGameAPITestWithSerializationJSON" time="3.297" errors="0" timestamp="2021-02-03T14:53:16 AEDT" skipped="0">
  <testcase classname="serializationDeserialization.VideoGameAPITestWithSerializationJSON" name="testVideoVideoGameDeSerialization" time="3.297"/>
  <system-out/>
</testsuite> <!-- serializationDeserialization.VideoGameAPITestWithSerializationJSON -->
