<?xml version="1.0" encoding="UTF-8"?>
<!-- Generated by org.testng.reporters.JUnitReportReporter -->
<testsuite hostname="DESKTOP-AS5R8J4" failures="0" tests="1" name="restassuredtests.Demo1_Get_Request" time="2.740" errors="0" timestamp="2021-02-24T12:59:39 AEDT" skipped="0">
  <testcase classname="restassuredtests.Demo1_Get_Request" name="getWeatherDetails" time="2.740"/>
  <system-out/>
</testsuite> <!-- restassuredtests.Demo1_Get_Request -->
