<?xml version="1.0" encoding="UTF-8"?>
<!-- Generated by org.testng.reporters.JUnitReportReporter -->
<testsuite hostname="DESKTOP-AS5R8J4" failures="0" tests="1" name="restassuredtests.Demo2_Post_Request" time="3.442" errors="0" timestamp="2021-01-28T11:10:34 AEDT" skipped="0">
  <testcase classname="restassuredtests.Demo2_Post_Request" name="testPost" time="3.442"/>
  <system-out/>
</testsuite> <!-- restassuredtests.Demo2_Post_Request -->
