<?xml version="1.0" encoding="UTF-8"?>
<!-- Generated by org.testng.reporters.JUnitReportReporter -->
<testsuite hostname="DESKTOP-AS5R8J4" failures="0" tests="2" name="serializationDeserialization.VideoGameAPITestWithSerializationXML" time="4.139" errors="0" timestamp="2021-02-03T14:43:12 AEDT" skipped="0">
  <testcase classname="serializationDeserialization.VideoGameAPITestWithSerializationXML" name="testVideoGameSerializationXML" time="4.001"/>
  <system-out/>
  <testcase classname="serializationDeserialization.VideoGameAPITestWithSerializationXML" name="testVideoVideoGameDeSerialization" time="0.138"/>
  <system-out/>
</testsuite> <!-- serializationDeserialization.VideoGameAPITestWithSerializationXML -->
